Typhoon 1.00 (built on Aug 15 2017 21:02:08):
    Copyright (C) 2000-2007, Scott Gasch (scott.gasch@gmail.com)
    $Id: chess.h 354 2008-06-30 05:10:08Z scott $
    GCC 4.2.1 Compatible FreeBSD Clang 4.0.0 (tags/RELEASE_400/final 297347)
    Make profile used: -D_X86_ -g -O3 -fexpensive-optimizations -ffast-math -finline-functions -m32 -DMP -DSMP
    Multiprocessor enabled; 4 searcher threads
    Hash sizes: 1 Mb (main), 10 Mb / thread (pawn), 48 Mb / thread (eval)
    QCheckPlies: 1
    FutilityBase: 50
    Logging Eval DNA.
-1,90,81,73,67,62,57,52,50,50,50,50,50,50,50,50,-1,-1,125,117,109,100,91,84,78,71,66,66,66,66,66,66,66,-1,-1,150,132,124,116,109,102,94,87,77,77,77,77,77,77,77,-1
-43,-15,0,3,6,10,15,21,28,-63,-25,0,4,9,14,19,25,32,-10,0,0,7,15,20,24,29,36
0,0,0,0,0,0,0,0,0,1,1,1,1,1,2,3,4,5,6,6,7,7,7,7,8,8,8,8,8,8,8,8
8,8,8,8,8,8,8,8,8,7,7,7,7,6,6,5,4,3,3,3,2,2,2,1,1,1,0,0,0,0,0,0
8,8,8,8,8,8,7,7,7,6,7,5,4,5,4,3,2,2,1,1,0,0,0,0,0,0,0,0,0,0,0,0
0,0,0,0,0,0,0,0,0,0,0,0,0,0,0,0,-8,0,0,0,0,0,0,-8,0,0,0,0,0,0,0,0,-8,0,5,5,5,5,0,-8,0,0,0,0,0,0,0,0,-8,0,5,9,9,5,0,-8,0,0,0,0,0,0,0,0,-8,0,5,9,9,5,0,-8,0,0,0,0,0,0,0,0,-8,0,5,5,5,5,0,-8,0,0,0,0,0,0,0,0,-8,0,0,0,0,0,0,-8,0,0,0,0,0,0,0,0,0,0,0,0,0,0,0,0,0,0,0,0,0,0,0,0
0,0,0,0,0,0,0,0,0,0,0,0,0,0,0,0,-7,-5,-5,-7,-7,-5,-5,-7,0,0,0,0,0,0,0,0,-5,-4,-4,-5,-5,-4,-4,-5,0,0,0,0,0,0,0,0,-4,-3,-3,-4,-4,-3,-3,-4,0,0,0,0,0,0,0,0,-4,-3,-3,-4,-4,-3,-3,-4,0,0,0,0,0,0,0,0,-5,-4,-4,-5,-5,-4,-4,-5,0,0,0,0,0,0,0,0,-7,-5,-5,-7,-7,-5,-5,-7,0,0,0,0,0,0,0,0,0,0,0,0,0,0,0,0,0,0,0,0,0,0,0,0
0,0,0,0,0,0,0,0,0,0,0,0,0,0,0,0,-12,-9,-9,-11,-11,-9,-9,-12,0,0,0,0,0,0,0,0,-9,-7,-7,-9,-9,-7,-7,-9,0,0,0,0,0,0,0,0,-7,-6,-6,-7,-7,-6,-6,-7,0,0,0,0,0,0,0,0,-7,-6,-6,-7,-7,-6,-6,-7,0,0,0,0,0,0,0,0,-9,-7,-7,-9,-9,-7,-7,-9,0,0,0,0,0,0,0,0,-12,-9,-9,-11,-11,-9,-9,-12,0,0,0,0,0,0,0,0,0,0,0,0,0,0,0,0,0,0,0,0,0,0,0,0
0,-32,-65,-99,-134,-170,-207,-222,-250,0,-23,-47,-76,-108,-144,-184,-200,-216,0,-13,-23,-34,-46,-64,-86,-111,-138,0,-7,-13,-25,-39,-55,-73,-95,-121
0,-3,-7,-9,-16,-35,-50,-85,-100
0,-7,-8,-9,-10,-10,-9,-8,-7
-5
-11
0,0,162,111,62,36,18,13,0,0,0,13,18,36,62,111,162,0
0,0,0,48,34,22,13,9,0,0,0,9,13,22,34,48,0,0
0,0,96,74,48,21,10,5,0,0,0,5,10,21,48,74,96,0
0,0,60,40,13,6,3,1,0,0,0,1,3,6,13,40,60,0
0,0,7,14,21,28,34,41,55
60,-1,-1,37,-1,43,19,-1,14,9,20,4,3,3,0,0,0,0,0,0,0,0,0,0,0,0,0,0,0,0,0,0
800
0,-6,-10,-16,-22
33
0,0,0,0,0,0,0,0,0,0,0,0,0,0,0,0,0,53,52,51,50,49,48,47,45,43,41,40,40,40,40,40,40,40
0,0,0,0,0,0,0,0,0,0,0,0,0,0,0,0,-4,-6,-7,-7,-7,-7,-6,-4,0,0,0,0,0,0,0,0,-6,-7,-9,-8,-8,-9,-7,-6,0,0,0,0,0,0,0,0,-7,-8,-10,-11,-11,-10,-8,-7,0,0,0,0,0,0,0,0,-7,-8,-10,-11,-11,-10,-8,-7,0,0,0,0,0,0,0,0,-6,-7,-9,-8,-8,-9,-7,-6,0,0,0,0,0,0,0,0,-4,-6,-7,-7,-7,-7,-6,-4,0,0,0,0,0,0,0,0,0,0,0,0,0,0,0,0,0,0,0,0,0,0,0,0
0,0,0,0,0,0,0,0,0,0,0,0,0,0,0,0,-1,-1,-2,-2,-2,-2,-1,-1,0,0,0,0,0,0,0,0,-3,-4,-4,-4,-4,-4,-4,-3,0,0,0,0,0,0,0,0,-4,-5,-7,-8,-8,-7,-5,-4,0,0,0,0,0,0,0,0,-4,-5,-7,-8,-8,-7,-5,-4,0,0,0,0,0,0,0,0,-3,-4,-4,-4,-4,-4,-4,-3,0,0,0,0,0,0,0,0,-1,-1,-2,-2,-2,-2,-1,-1,0,0,0,0,0,0,0,0,0,0,0,0,0,0,0,0,0,0,0,0,0,0,0,0
-22,-14,-10,-5,-1,0,1,3,4,5,6,7,8,9
-10,-4,1,3,4,5,5,5
0,33,28,18,8,4,0,-10,-16
10,10,10,9,9,8,8,7,7,6,5,4,3,2,1,0,0,0,0,0,0,0,0,0,0,0,0,0,0,0,0,0,0
-12,-8,-8,-8,-8,-8,-8,-12,0,0,0,0,0,0,0,0,-8,-2,-2,0,0,-2,-2,-8,0,0,0,0,0,0,0,0,-8,-2,4,5,5,4,-2,-8,0,0,0,0,0,0,0,0,-8,-2,5,8,8,5,-2,-8,0,0,0,0,0,0,0,0,-8,-2,5,8,8,5,-2,-8,0,0,0,0,0,0,0,0,-8,-2,4,5,5,4,-2,-8,0,0,0,0,0,0,0,0,-8,-2,-2,0,0,-2,-2,-8,0,0,0,0,0,0,0,0,-12,-8,-8,-8,-8,-8,-8,-12,0,0,0,0,0,0,0,0
0,15,12,9,4,0,0,0,0
0,25,19,14,6,0,0,0,0
0,12,11,9,6,3,0,0,0,0,0,0,0,3,6,9,11,12
-17,-10,-6,0,3,5,7,8,8
0,4,8
0,0,0,0,0,0,0,0,0,0,1,2,4,6,9,11,12,13,15,17,19,21,21,22,22,23,23,24,24,25,25,26,27
24,22,17,14,13,13,12,12
12,11,9,9,8,8,8,7
13,12,11,11,9,9,9,8
0,0,25,17,12,6,1,0,0,0,0,0,1,6,12,17,25,0
0,0,-22,-16,-13,-9,-5,-3,0,0,0,-3,-5,-9,-13,-16,-22,0
-40
22
55,51,44,38,33,27,22,16,7,1,-3,-6,-9,-12,-18,-22,-25
7
4
-28,-24,-20,-14,-7,-2,0,4,8,12,15,17,19,21,22
-15,-6,0,4,8,8,8,8
-30,-26,-22,-17,-11,-8,-4,-2,-1,2,4,7,10,12,14,15,16,17,18,19,20,20,21,21,22,22,23,23
0,-14,-22,-26,-33
0,34,28,22,19,17,16,15
8
1,0,0,0,1,0,0,1,0,0,0,0,0,0,0,0,1,1,1,1,1,1,1,1,0,0,0,0,0,0,0,0,3,3,3,3,3,3,3,3,0,0,0,0,0,0,0,0,4,4,4,4,4,4,4,4,0,0,0,0,0,0,0,0,4,4,4,4,4,4,4,4,0,0,0,0,0,0,0,0,4,4,4,4,4,4,4,4,0,0,0,0,0,0,0,0,4,4,4,4,4,4,4,4,0,0,0,0,0,0,0,0,4,4,4,4,4,4,4,4,0,0,0,0,0,0,0,0,4,4,4,4,4,4,4,4,0,0,0,0,0,0,0,0,4,4,4,4,4,4,4,4,0,0,0,0,0,0,0,0,4,4,4,4,4,4,4,4,0,0,0,0,0,0,0,0,4,4,4,4,4,4,4,4,0,0,0,0,0,0,0,0,4,4,4,4,4,4,4,4,0,0,0,0,0,0,0,0,3,3,3,3,3,3,3,3,0,0,0,0,0,0,0,0,1,1,1,1,1,1,1,1,0,0,0,0,0,0,0,0,1,0,0,0,1,0,0,1,0,0,0,0,0,0,0,0
0,0,0,0,0,0,0,0,0,0,0,0,0,0,0,0,1,3,5,7,7,5,3,1,0,0,0,0,0,0,0,0,3,5,13,15,15,13,5,3,0,0,0,0,0,0,0,0,5,7,17,23,23,17,7,5,0,0,0,0,0,0,0,0,5,7,17,23,23,17,7,5,0,0,0,0,0,0,0,0,3,5,13,15,15,13,5,3,0,0,0,0,0,0,0,0,1,3,5,7,7,5,3,1,0,0,0,0,0,0,0,0,0,0,0,0,0,0,0,0,0,0,0,0,0,0,0,0
0,-4,-8,-12,-16,-20,-25,-31,-38,-50,-63,-76,-90,-105,-120,-135,-150,-165,-180,-195,-210,-225,-240,-255,-270,-290,-310,-330,-350,-370,-390,-410,-440,-470,-500,-500,-500,-500,-500,-500,-500,-500
-23
